<?xml version="1.0" encoding="UTF-8"?>
<!-- Generated by org.testng.reporters.JUnitXMLReporter -->
<testsuite ignored="0" hostname="mario-mobile" failures="0" tests="5" name="Functional Tests" time="25.523" errors="0" timestamp="2025-03-18T07:45:45 IST">
  <testcase classname="nanoxBlazeTests.e2eTests" name="tc01" time="4.403"/>
  <testcase classname="nanoxBlazeTests.e2eTests" name="tc02_validateCompletePurchase" time="5.571"/>
  <testcase classname="nanoxBlazeTests.LoginRegistrationTests" name="tc01_validateSuccessfulLogin" time="2.349"/>
  <testcase classname="nanoxBlazeTests.LoginRegistrationTests" name="tc02_validateLogoutFunctionality" time="2.09"/>
  <testcase classname="nanoxBlazeTests.LoginRegistrationTests" name="tc03_verifyExistingUserError" time="1.414"/>
</testsuite> <!-- Functional Tests -->
