<?xml version="1.0" encoding="UTF-8"?>
<testsuite xmlns:xsi="http://www.w3.org/2001/XMLSchema-instance" xsi:noNamespaceSchemaLocation="https://maven.apache.org/surefire/maven-surefire-plugin/xsd/surefire-test-report-3.0.xsd" version="3.0" name="TestSuite" time="27.753" tests="5" errors="0" skipped="0" failures="0">
  <properties>
[...]
</properties>
  <testcase name="tc01" classname="nanoxBlazeTests.e2eTests" time="4.745">
    <system-out><![CDATA[...
... TestNG 7.10.2 by Cédric Beust (cedric@beust.com)
...

Item founded: Nokia lumia 1520
Item founded: Nokia lumia 1520
Item selected: Nokia lumia 1520
Item added to cart: Nokia lumia 1520
]]></system-out>
    <system-err><![CDATA[SLF4J: Failed to load class "org.slf4j.impl.StaticLoggerBinder".
SLF4J: Defaulting to no-operation (NOP) logger implementation
SLF4J: See http://www.slf4j.org/codes.html#StaticLoggerBinder for further details.
Mar 18, 2025 7:45:23 AM org.openqa.selenium.devtools.CdpVersionFinder findNearestMatch
WARNING: Unable to find CDP implementation matching 134
Mar 18, 2025 7:45:23 AM org.openqa.selenium.chromium.ChromiumDriver lambda$new$5
WARNING: Unable to find version of CDP to use for 134.0.6998.89. You may need to include a dependency on a specific version of the CDP using something similar to `org.seleniumhq.selenium:selenium-devtools-v86:4.23.1` where the version ("v86") matches the version of the chromium-based browser you're using and the version number of the artifact is the same as Selenium's.
]]></system-err>
  </testcase>
  <testcase name="tc02_validateCompletePurchase" classname="nanoxBlazeTests.e2eTests" time="5.575">
    <system-out><![CDATA[Item founded: Samsung galaxy s6
Item selected: Samsung galaxy s6
Item added to cart: Samsung galaxy s6
]]></system-out>
  </testcase>
  <testcase name="tc01_validateSuccessfulLogin" classname="nanoxBlazeTests.LoginRegistrationTests" time="2.351">
    <system-err><![CDATA[Mar 18, 2025 7:45:37 AM org.openqa.selenium.devtools.CdpVersionFinder findNearestMatch
WARNING: Unable to find CDP implementation matching 134
Mar 18, 2025 7:45:37 AM org.openqa.selenium.chromium.ChromiumDriver lambda$new$5
WARNING: Unable to find version of CDP to use for 134.0.6998.89. You may need to include a dependency on a specific version of the CDP using something similar to `org.seleniumhq.selenium:selenium-devtools-v86:4.23.1` where the version ("v86") matches the version of the chromium-based browser you're using and the version number of the artifact is the same as Selenium's.
]]></system-err>
  </testcase>
  <testcase name="tc02_validateLogoutFunctionality" classname="nanoxBlazeTests.LoginRegistrationTests" time="2.089"/>
  <testcase name="tc03_verifyExistingUserError" classname="nanoxBlazeTests.LoginRegistrationTests" time="1.416"/>
</testsuite>